<?xml version="1.0" encoding="UTF-8"?>
<!-- Generated by org.testng.reporters.JUnitReportReporter -->
<testsuite hostname="DESKTOP-DORLFQ8" failures="0" tests="1" name="mmt.ui.tests.MakeMyTripTest" time="11.307" errors="0" timestamp="2023-09-28T12:34:15 IST" skipped="0">
  <testcase classname="mmt.ui.tests.MakeMyTripTest" name="flightSearchTest" time="11.307"/>
</testsuite> <!-- mmt.ui.tests.MakeMyTripTest -->
